hw9_old/app/build/intermediates/manifest_merge_blame_file/debug/manifest-merger-blame-debug-report.txt
1<?xml version="1.0" encoding="utf-8"?>
2<manifest xmlns:android="http://schemas.android.com/apk/res/android"
3    package="pkg.hw9"
4    android:versionCode="1"
5    android:versionName="1.0" >
6
7    <uses-sdk
8        android:minSdkVersion="16"
8-->src/main/AndroidManifest.xml
9        android:targetSdkVersion="29" />
9-->src/main/AndroidManifest.xml
10
11    <application
11-->src/main/AndroidManifest.xml:5:5-26:19
12        android:allowBackup="true"
12-->src/main/AndroidManifest.xml:6:9-35
13        android:appComponentFactory="androidx.core.app.CoreComponentFactory"
13-->[androidx.core:core:1.1.0] AndroidManifest.xml:24:18-86
14        android:debuggable="true"
15        android:icon="@mipmap/ic_launcher"
15-->src/main/AndroidManifest.xml:7:9-43
16        android:label="@string/app_name"
16-->src/main/AndroidManifest.xml:8:9-41
17        android:roundIcon="@mipmap/ic_launcher_round"
17-->src/main/AndroidManifest.xml:9:9-54
18        android:supportsRtl="true"
18-->src/main/AndroidManifest.xml:10:9-35
19        android:testOnly="true"
20        android:theme="@style/Theme.AppCompat.Light.NoActionBar" >
20-->src/main/AndroidManifest.xml:11:9-65
21        <activity
21-->src/main/AndroidManifest.xml:12:9-18:20
22            android:name="pkg.hw9.SplashScreen"
22-->src/main/AndroidManifest.xml:12:19-47
23            android:theme="@style/SplashTheme" >
23-->src/main/AndroidManifest.xml:12:48-82
24            <intent-filter>
24-->src/main/AndroidManifest.xml:13:13-17:29
25                <action android:name="android.intent.action.MAIN" />
25-->src/main/AndroidManifest.xml:14:17-69
25-->src/main/AndroidManifest.xml:14:25-66
26
27                <category android:name="android.intent.category.LAUNCHER" />
27-->src/main/AndroidManifest.xml:16:17-77
27-->src/main/AndroidManifest.xml:16:27-74
28            </intent-filter>
29        </activity>
30        <activity android:name="pkg.hw9.MainActivity" >
30-->src/main/AndroidManifest.xml:19:9-25:20
30-->src/main/AndroidManifest.xml:19:19-47
31            <intent-filter>
31-->src/main/AndroidManifest.xml:20:13-24:29
32                <action android:name="android.intent.action.MAIN" />
32-->src/main/AndroidManifest.xml:14:17-69
32-->src/main/AndroidManifest.xml:14:25-66
33
34                <category android:name="android.intent.category.DEFAULT" />
34-->src/main/AndroidManifest.xml:23:17-76
34-->src/main/AndroidManifest.xml:23:27-73
35            </intent-filter>
36        </activity>
37    </application>
38
39</manifest>